<?xml version="1.0" encoding="UTF-8"?>
<!-- Generated by org.testng.reporters.JUnitReportReporter -->
<testsuite hostname="DESKTOP-IRUDTH2" failures="0" tests="1" name="docker.testcases.Task" time="22.607" errors="0" timestamp="20 Oct 2021 05:29:46 GMT" skipped="0">
  <testcase classname="docker.testcases.Task" name="refreshTask" time="22.607"/>
</testsuite> <!-- docker.testcases.Task -->
